<?xml version="1.0" encoding="UTF-8"?>
<testsuite name="com.jotonia.step.definitions.api.RunnerTest" time="0" tests="22" errors="0" skipped="14" failures="0">
  <properties>
    <property name="java.runtime.name" value="Java(TM) SE Runtime Environment"/>
    <property name="sun.boot.library.path" value="C:\Program Files\Java\jdk1.8.0_181\jre\bin"/>
    <property name="java.vm.version" value="25.181-b13"/>
    <property name="java.vm.vendor" value="Oracle Corporation"/>
    <property name="maven.multiModuleProjectDirectory" value="C:\Users\Jotonia\Downloads\clearscore\clearscore"/>
    <property name="java.vendor.url" value="http://java.oracle.com/"/>
    <property name="path.separator" value=";"/>
    <property name="guice.disable.misplaced.annotation.check" value="true"/>
    <property name="java.vm.name" value="Java HotSpot(TM) 64-Bit Server VM"/>
    <property name="file.encoding.pkg" value="sun.io"/>
    <property name="user.script" value=""/>
    <property name="user.country" value="GB"/>
    <property name="sun.java.launcher" value="SUN_STANDARD"/>
    <property name="sun.os.patch.level" value=""/>
    <property name="java.vm.specification.name" value="Java Virtual Machine Specification"/>
    <property name="user.dir" value="C:\Users\Jotonia\Downloads\clearscore\clearscore"/>
    <property name="java.runtime.version" value="1.8.0_181-b13"/>
    <property name="java.awt.graphicsenv" value="sun.awt.Win32GraphicsEnvironment"/>
    <property name="java.endorsed.dirs" value="C:\Program Files\Java\jdk1.8.0_181\jre\lib\endorsed"/>
    <property name="os.arch" value="amd64"/>
    <property name="java.io.tmpdir" value="C:\Users\Jotonia\AppData\Local\Temp\"/>
    <property name="line.separator" value="&#10;"/>
    <property name="java.vm.specification.vendor" value="Oracle Corporation"/>
    <property name="user.variant" value=""/>
    <property name="os.name" value="Windows 10"/>
    <property name="classworlds.conf" value="C:\Users\Jotonia\eclipse-workspace\.metadata\.plugins\org.eclipse.m2e.launching\launches\m2conf2101289585850865828.tmp"/>
    <property name="sun.jnu.encoding" value="Cp1252"/>
    <property name="java.library.path" value="C:\Program Files\Java\jdk1.8.0_181\bin;C:\Windows\Sun\Java\bin;C:\Windows\system32;C:\Windows;C:/Program Files/Java/jre1.8.0_191/bin/server;C:/Program Files/Java/jre1.8.0_191/bin;C:/Program Files/Java/jre1.8.0_191/lib/amd64;C:\Program Files (x86)\Common Files\Oracle\Java\javapath;C:\Windows\system32;C:\Windows;C:\Windows\System32\Wbem;C:\Windows\System32\WindowsPowerShell\v1.0\;C:\Windows\System32\OpenSSH\;C:\Program Files (x86)\Skype\Phone\;C:\Program Files\Java\jdk1.8.0_181\bin;C:\Program Files\Git\cmd;C:\Users\Jotonia\AppData\Local\Microsoft\WindowsApps;;C:\Users\Jotonia\Desktop;;."/>
    <property name="java.specification.name" value="Java Platform API Specification"/>
    <property name="java.class.version" value="52.0"/>
    <property name="sun.management.compiler" value="HotSpot 64-Bit Tiered Compilers"/>
    <property name="os.version" value="10.0"/>
    <property name="user.home" value="C:\Users\Jotonia"/>
    <property name="user.timezone" value="Europe/London"/>
    <property name="java.awt.printerjob" value="sun.awt.windows.WPrinterJob"/>
    <property name="java.specification.version" value="1.8"/>
    <property name="file.encoding" value="Cp1252"/>
    <property name="user.name" value="Jotonia"/>
    <property name="java.class.path" value="C:\Users\Jotonia\.p2\pool\plugins\org.eclipse.m2e.maven.runtime_1.10.0.20181127-2120\jars\plexus-classworlds-2.5.2.jar"/>
    <property name="java.vm.specification.version" value="1.8"/>
    <property name="sun.arch.data.model" value="64"/>
    <property name="java.home" value="C:\Program Files\Java\jdk1.8.0_181\jre"/>
    <property name="sun.java.command" value="org.codehaus.plexus.classworlds.launcher.Launcher -B clean install"/>
    <property name="java.specification.vendor" value="Oracle Corporation"/>
    <property name="user.language" value="en"/>
    <property name="awt.toolkit" value="sun.awt.windows.WToolkit"/>
    <property name="java.vm.info" value="mixed mode"/>
    <property name="java.version" value="1.8.0_181"/>
    <property name="java.ext.dirs" value="C:\Program Files\Java\jdk1.8.0_181\jre\lib\ext;C:\Windows\Sun\Java\lib\ext"/>
    <property name="sun.boot.class.path" value="C:\Program Files\Java\jdk1.8.0_181\jre\lib\resources.jar;C:\Program Files\Java\jdk1.8.0_181\jre\lib\rt.jar;C:\Program Files\Java\jdk1.8.0_181\jre\lib\sunrsasign.jar;C:\Program Files\Java\jdk1.8.0_181\jre\lib\jsse.jar;C:\Program Files\Java\jdk1.8.0_181\jre\lib\jce.jar;C:\Program Files\Java\jdk1.8.0_181\jre\lib\charsets.jar;C:\Program Files\Java\jdk1.8.0_181\jre\lib\jfr.jar;C:\Program Files\Java\jdk1.8.0_181\jre\classes"/>
    <property name="java.vendor" value="Oracle Corporation"/>
    <property name="maven.home" value="C:\Users\Jotonia\Downloads\clearscore\clearscore\EMBEDDED"/>
    <property name="file.separator" value="\"/>
    <property name="java.vendor.url.bug" value="http://bugreport.sun.com/bugreport/"/>
    <property name="sun.cpu.endian" value="little"/>
    <property name="sun.io.unicode.encoding" value="UnicodeLittle"/>
    <property name="sun.desktop" value="windows"/>
    <property name="sun.cpu.isalist" value="amd64"/>
  </properties>
  <testcase name="Given I am on the homepage" classname="Scenario: As a user, I want to be able verify and interract with the cookies notification" time="0">
    <skipped/>
    <system-out><![CDATA[Feature: Check and interract with cookie notification on ClearScore website
]]></system-out>
  </testcase>
  <testcase name="And I verify the cookies notification is present" classname="Scenario: As a user, I want to be able verify and interract with the cookies notification" time="0">
    <skipped/>
  </testcase>
  <testcase name="When I click the /No Problem/ button on the cookies notification bar in order to dismiss the notification" classname="Scenario: As a user, I want to be able verify and interract with the cookies notification" time="0">
    <skipped/>
  </testcase>
  <testcase name="And I verify that the cookie notification bar doesnt reappear" classname="Scenario: As a user, I want to be able verify and interract with the cookies notification" time="0">
    <skipped/>
  </testcase>
  <testcase name="Then I know that the appropriate cookies are set" classname="Scenario: As a user, I want to be able verify and interract with the cookies notification" time="0">
    <skipped/>
  </testcase>
  <testcase name="Scenario: As a user, I want to be able verify and interract with the cookies notification" classname="Scenario: As a user, I want to be able verify and interract with the cookies notification" time="0">
    <skipped/>
  </testcase>
  <testcase name="Scenario: As a user, I want to be able verify and interract with the cookies notification" classname="Scenario: As a user, I want to be able verify and interract with the cookies notification" time="0.085"/>
  <testcase name="Given I am on the homepage" classname="Scenario: As a user, I want to be able to set scores and goal on the ClearScore savings calculator" time="0">
    <skipped/>
    <system-out><![CDATA[
  @clearscore_cookies @all
  Scenario: As a user, I want to be able verify and interract with the cookies notification                   # module1/HomePage_Cookies_Actions.feature:4
    Given I am on the homepage
    And I verify the cookies notification is present
    When I click the /No Problem/ button on the cookies notification bar in order to dismiss the notification
    And I verify that the cookie notification bar doesnt reappear
    Then I know that the appropriate cookies are set
Feature: ClearScore savings calculator
]]></system-out>
  </testcase>
  <testcase name="And I click the savings calculator tab." classname="Scenario: As a user, I want to be able to set scores and goal on the ClearScore savings calculator" time="0">
    <skipped/>
  </testcase>
  <testcase name="When I see the savings calculator is displayed and I select 50 for my current score" classname="Scenario: As a user, I want to be able to set scores and goal on the ClearScore savings calculator" time="0">
    <skipped/>
  </testcase>
  <testcase name="And I also select my score goal of 680" classname="Scenario: As a user, I want to be able to set scores and goal on the ClearScore savings calculator" time="0">
    <skipped/>
  </testcase>
  <testcase name="And I verify that my current score interest rate, costs and cards available are: 36.5%, £849 and 22" classname="Scenario: As a user, I want to be able to set scores and goal on the ClearScore savings calculator" time="0">
    <skipped/>
  </testcase>
  <testcase name="And I verify that my goal interest rate, costs and cards available are: 25%, £520 and 241" classname="Scenario: As a user, I want to be able to set scores and goal on the ClearScore savings calculator" time="0">
    <skipped/>
  </testcase>
  <testcase name="Then my potential savings display should be £384" classname="Scenario: As a user, I want to be able to set scores and goal on the ClearScore savings calculator" time="0">
    <skipped/>
  </testcase>
  <testcase name="Scenario: As a user, I want to be able to set scores and goal on the ClearScore savings calculator" classname="Scenario: As a user, I want to be able to set scores and goal on the ClearScore savings calculator" time="0">
    <skipped/>
  </testcase>
  <testcase name="Scenario: As a user, I want to be able to set scores and goal on the ClearScore savings calculator" classname="Scenario: As a user, I want to be able to set scores and goal on the ClearScore savings calculator" time="0.014"/>
  <testcase name="Given a book exists with an isbn of 9781451648546" classname="Scenario: User calls web service to get a book by its ISBN" time="0"/>
  <testcase name="When a user retrieves the book by isbn" classname="Scenario: User calls web service to get a book by its ISBN" time="0"/>
  <testcase name="Then the status code is 200" classname="Scenario: User calls web service to get a book by its ISBN" time="0"/>
  <testcase name="And response includes the following" classname="Scenario: User calls web service to get a book by its ISBN" time="0"/>
  <testcase name="And response includes the following in any order" classname="Scenario: User calls web service to get a book by its ISBN" time="0"/>
  <testcase name="Scenario: User calls web service to get a book by its ISBN" classname="Scenario: User calls web service to get a book by its ISBN" time="0"/>
</testsuite>